#-----------------------------------------------------------
# Vivado v2018.2 (64-bit)
# SW Build 2258646 on Thu Jun 14 20:03:12 MDT 2018
# IP Build 2256618 on Thu Jun 14 22:10:49 MDT 2018
<<<<<<< HEAD
<<<<<<< HEAD
<<<<<<< HEAD
=======
<<<<<<< HEAD
=======
>>>>>>> 208200ed79c5ddfec501ac21a476fd1749784a83
=======
>>>>>>> 208200ed79c5ddfec501ac21a476fd1749784a83
>>>>>>> 41528ee5896b7aa99bf4e5c5f34d2be559dbbf36
# Start of session at: Sat Dec 21 21:13:49 2019
# Process ID: 284
# Current directory: C:/Igor_G/Vivado_projects/max_hold/max_hold_spektor/VHDL_hold_spectr
# Command line: vivado.exe -gui_launcher_event rodinguilauncherevent4852 C:\Igor_G\Vivado_projects\max_hold\max_hold_spektor\VHDL_hold_spectr\Max_hold.xpr
# Log file: C:/Igor_G/Vivado_projects/max_hold/max_hold_spektor/VHDL_hold_spectr/vivado.log
# Journal file: C:/Igor_G/Vivado_projects/max_hold/max_hold_spektor/VHDL_hold_spectr\vivado.jou
#-----------------------------------------------------------
start_gui
open_project C:/Igor_G/Vivado_projects/max_hold/max_hold_spektor/VHDL_hold_spectr/Max_hold.xpr
<<<<<<< HEAD
=======
<<<<<<< HEAD
<<<<<<< HEAD
>>>>>>> 41528ee5896b7aa99bf4e5c5f34d2be559dbbf36
=======
# Start of session at: Fri Dec 20 17:38:42 2019
# Process ID: 20460
# Current directory: D:/ѕарашич ”р—ач/max_hold_spektor/VHDL_hold_spectr
# Command line: vivado.exe -gui_launcher_event rodinguilauncherevent21104 D:\ѕарашич ”р—ач\max_hold_spektor\VHDL_hold_spectr\Max_hold.xpr
# Log file: D:/ѕарашич ”р—ач/max_hold_spektor/VHDL_hold_spectr/vivado.log
# Journal file: D:/ѕарашич ”р—ач/max_hold_spektor/VHDL_hold_spectr\vivado.jou
#-----------------------------------------------------------
start_gui
open_project D:/ѕарашич ”р—ач/max_hold_spektor/VHDL_hold_spectr/Max_hold.xpr
>>>>>>> e9e9fff241bd2b009214bfc63bec6813775d1b92
<<<<<<< HEAD
=======
=======
>>>>>>> 208200ed79c5ddfec501ac21a476fd1749784a83
=======
>>>>>>> 208200ed79c5ddfec501ac21a476fd1749784a83
>>>>>>> 41528ee5896b7aa99bf4e5c5f34d2be559dbbf36
INFO: [Project 1-313] Project file moved from 'D:/max_hold_spektor/VHDL_hold_spectr' since last save.
=======
# Start of session at: Mon Dec 23 15:34:53 2019
# Process ID: 11536
# Current directory: D:/ѕарашич ”р—ач/max_hold_spektor/VHDL_hold_spectr
# Command line: vivado.exe -gui_launcher_event rodinguilauncherevent21080 D:\ѕарашич ”р—ач\max_hold_spektor\VHDL_hold_spectr\Max_hold.xpr
# Log file: D:/ѕарашич ”р—ач/max_hold_spektor/VHDL_hold_spectr/vivado.log
# Journal file: D:/ѕарашич ”р—ач/max_hold_spektor/VHDL_hold_spectr\vivado.jou
#-----------------------------------------------------------
start_gui
open_project D:/ѕарашич ”р—ач/max_hold_spektor/VHDL_hold_spectr/Max_hold.xpr
INFO: [Project 1-313] Project file moved from 'C:/Igor_G/Vivado_projects/max_hold/max_hold_spektor/VHDL_hold_spectr' since last save.
>>>>>>> danya
Scanning sources...
Finished scanning sources
INFO: [IP_Flow 19-234] Refreshing IP repositories
INFO: [IP_Flow 19-1704] No user IP repositories specified
<<<<<<< HEAD
<<<<<<< HEAD
<<<<<<< HEAD
=======
<<<<<<< HEAD
=======
>>>>>>> 208200ed79c5ddfec501ac21a476fd1749784a83
=======
>>>>>>> 208200ed79c5ddfec501ac21a476fd1749784a83
>>>>>>> 41528ee5896b7aa99bf4e5c5f34d2be559dbbf36
INFO: [IP_Flow 19-2313] Loaded Vivado IP repository 'C:/Xilinx/Vivado/2018.2/data/ip'.
open_project: Time (s): cpu = 00:00:23 ; elapsed = 00:00:16 . Memory (MB): peak = 874.742 ; gain = 147.703
=======
INFO: [IP_Flow 19-2313] Loaded Vivado IP repository 'D:/Vivado/2018.2/data/ip'.
open_project: Time (s): cpu = 00:00:26 ; elapsed = 00:00:20 . Memory (MB): peak = 852.102 ; gain = 130.098
>>>>>>> danya
update_compile_order -fileset sources_1
export_ip_user_files -of_objects  [get_files D:/ѕарашич ”р—ач/max_hold_spektor/VHDL_hold_spectr/Max_hold.srcs/sources_1/ip/xfft_1/xfft_1.xci] -no_script -reset -force -quiet
remove_files  -fileset xfft_1 D:/ѕарашич ”р—ач/max_hold_spektor/VHDL_hold_spectr/Max_hold.srcs/sources_1/ip/xfft_1/xfft_1.xci
INFO: [Project 1-386] Moving file 'D:/ѕарашич ”р—ач/max_hold_spektor/VHDL_hold_spectr/Max_hold.srcs/sources_1/ip/xfft_1/xfft_1.xci' from fileset 'xfft_1' to fileset 'sources_1'.
set_property -dict [list CONFIG.transform_length {512} CONFIG.target_clock_frequency {100} CONFIG.output_ordering {natural_order} CONFIG.implementation_options {automatically_select} CONFIG.number_of_stages_using_block_ram_for_data_and_phase_factors {2}] [get_ips xfft_0]
export_ip_user_files -of_objects  [get_files D:/ѕарашич ”р—ач/max_hold_spektor/VHDL_hold_spectr/Max_hold.srcs/sources_1/ip/xfft_0/xfft_0.xci] -no_script -reset -force -quiet
remove_files  D:/ѕарашич ”р—ач/max_hold_spektor/VHDL_hold_spectr/Max_hold.srcs/sources_1/ip/xfft_0/xfft_0.xci
create_bd_design "design_1"
Wrote  : <D:/ѕарашич ”р—ач/max_hold_spektor/VHDL_hold_spectr/Max_hold.srcs/sources_1/bd/design_1/design_1.bd> 
create_bd_design: Time (s): cpu = 00:00:07 ; elapsed = 00:00:06 . Memory (MB): peak = 1026.348 ; gain = 15.117
update_compile_order -fileset sources_1
startgroup
create_bd_cell -type ip -vlnv xilinx.com:ip:xfft:9.1 xfft_0
create_bd_cell: Time (s): cpu = 00:00:11 ; elapsed = 00:00:11 . Memory (MB): peak = 1026.348 ; gain = 0.000
endgroup
set_property -dict [list CONFIG.transform_length {512} CONFIG.target_clock_frequency {100} CONFIG.implementation_options {pipelined_streaming_io} CONFIG.output_ordering {natural_order} CONFIG.number_of_stages_using_block_ram_for_data_and_phase_factors {2}] [get_bd_cells xfft_0]
open_bd_design {D:/ѕарашич ”р—ач/max_hold_spektor/VHDL_hold_spectr/Max_hold.srcs/sources_1/bd/design_1/design_1.bd}
export_ip_user_files -of_objects  [get_files D:/ѕарашич ”р—ач/max_hold_spektor/VHDL_hold_spectr/Max_hold.srcs/sources_1/bd/design_1/design_1.bd] -no_script -reset -force -quiet
remove_files  D:/ѕарашич ”р—ач/max_hold_spektor/VHDL_hold_spectr/Max_hold.srcs/sources_1/bd/design_1/design_1.bd
create_ip -name xfft -vendor xilinx.com -library ip -version 9.1 -module_name xfft_0 -dir d:/max_hold_spektor/VHDL_hold_spectr/Max_hold.srcs/sources_1/ip
create_ip: Time (s): cpu = 00:00:07 ; elapsed = 00:00:07 . Memory (MB): peak = 1032.711 ; gain = 1.469
set_property -dict [list CONFIG.transform_length {512} CONFIG.target_clock_frequency {100} CONFIG.implementation_options {pipelined_streaming_io} CONFIG.output_ordering {natural_order} CONFIG.number_of_stages_using_block_ram_for_data_and_phase_factors {2}] [get_ips xfft_0]
generate_target {instantiation_template} [get_files d:/max_hold_spektor/VHDL_hold_spectr/Max_hold.srcs/sources_1/ip/xfft_0_1/xfft_0.xci]
INFO: [IP_Flow 19-1686] Generating 'Instantiation Template' target for IP 'xfft_0'...
update_compile_order -fileset sources_1
<<<<<<< HEAD
=======
INFO: [IP_Flow 19-2313] Loaded Vivado IP repository 'D:/Vivado/2018.2/data/ip'.
open_project: Time (s): cpu = 00:00:28 ; elapsed = 00:00:30 . Memory (MB): peak = 770.637 ; gain = 138.320
update_compile_order -fileset sources_1
set_property -dict [list CONFIG.transform_length {512} CONFIG.implementation_options {automatically_select} CONFIG.number_of_stages_using_block_ram_for_data_and_phase_factors {0}] [get_ips xfft_0]
exit
INFO: [Common 17-206] Exiting Vivado at Fri Dec 20 17:59:49 2019...
>>>>>>> e9e9fff241bd2b009214bfc63bec6813775d1b92
=======
generate_target all [get_files  d:/max_hold_spektor/VHDL_hold_spectr/Max_hold.srcs/sources_1/ip/xfft_0_1/xfft_0.xci]
INFO: [IP_Flow 19-1686] Generating 'Synthesis' target for IP 'xfft_0'...
INFO: [IP_Flow 19-1686] Generating 'Simulation' target for IP 'xfft_0'...
INFO: [IP_Flow 19-1686] Generating 'C Simulation' target for IP 'xfft_0'...
INFO: [IP_Flow 19-1686] Generating 'Test Bench' target for IP 'xfft_0'...
INFO: [IP_Flow 19-1686] Generating 'Change Log' target for IP 'xfft_0'...
catch { config_ip_cache -export [get_ips -all xfft_0] }
export_ip_user_files -of_objects [get_files d:/max_hold_spektor/VHDL_hold_spectr/Max_hold.srcs/sources_1/ip/xfft_0_1/xfft_0.xci] -no_script -sync -force -quiet
create_ip_run [get_files -of_objects [get_fileset sources_1] d:/max_hold_spektor/VHDL_hold_spectr/Max_hold.srcs/sources_1/ip/xfft_0_1/xfft_0.xci]
launch_runs -jobs 2 xfft_0_synth_1
[Mon Dec 23 15:50:52 2019] Launched xfft_0_synth_1...
Run output will be captured here: D:/ѕарашич ”р—ач/max_hold_spektor/VHDL_hold_spectr/Max_hold.runs/xfft_0_synth_1/runme.log
export_simulation -of_objects [get_files d:/max_hold_spektor/VHDL_hold_spectr/Max_hold.srcs/sources_1/ip/xfft_0_1/xfft_0.xci] -directory D:/ѕарашич ”р—ач/max_hold_spektor/VHDL_hold_spectr/Max_hold.ip_user_files/sim_scripts -ip_user_files_dir D:/ѕарашич ”р—ач/max_hold_spektor/VHDL_hold_spectr/Max_hold.ip_user_files -ipstatic_source_dir D:/ѕарашич ”р—ач/max_hold_spektor/VHDL_hold_spectr/Max_hold.ip_user_files/ipstatic -lib_map_path [list {modelsim=D:/ѕарашич ”р—ач/max_hold_spektor/VHDL_hold_spectr/Max_hold.cache/compile_simlib/modelsim} {questa=D:/ѕарашич ”р—ач/max_hold_spektor/VHDL_hold_spectr/Max_hold.cache/compile_simlib/questa} {riviera=D:/ѕарашич ”р—ач/max_hold_spektor/VHDL_hold_spectr/Max_hold.cache/compile_simlib/riviera} {activehdl=D:/ѕарашич ”р—ач/max_hold_spektor/VHDL_hold_spectr/Max_hold.cache/compile_simlib/activehdl}] -use_ip_compiled_libs -force -quiet
close [ open D:/ѕарашич ”р—ач/max_hold_spektor/VHDL_hold_spectr/Max_hold.srcs/sources_1/new/topfft.vhd w ]
add_files D:/ѕарашич ”р—ач/max_hold_spektor/VHDL_hold_spectr/Max_hold.srcs/sources_1/new/topfft.vhd
update_compile_order -fileset sources_1
close [ open D:/ѕарашич ”р—ач/max_hold_spektor/VHDL_hold_spectr/Max_hold.srcs/sources_1/new/readfileI.vhd w ]
add_files D:/ѕарашич ”р—ач/max_hold_spektor/VHDL_hold_spectr/Max_hold.srcs/sources_1/new/readfileI.vhd
update_compile_order -fileset sources_1
close [ open D:/ѕарашич ”р—ач/max_hold_spektor/VHDL_hold_spectr/Max_hold.srcs/sources_1/new/ReadFull.vhd w ]
add_files D:/ѕарашич ”р—ач/max_hold_spektor/VHDL_hold_spectr/Max_hold.srcs/sources_1/new/ReadFull.vhd
update_compile_order -fileset sources_1
update_compile_order -fileset sources_1
set_property is_enabled false [get_files  d:/max_hold_spektor/VHDL_hold_spectr/Max_hold.srcs/sources_1/ip/xfft_0_1/demo_tb/tb_xfft_0.vhd]
file mkdir D:/ѕарашич ”р—ач/max_hold_spektor/VHDL_hold_spectr/Max_hold.srcs/sim_1/new
set_property SOURCE_SET sources_1 [get_filesets sim_1]
close [ open D:/ѕарашич ”р—ач/max_hold_spektor/VHDL_hold_spectr/Max_hold.srcs/sim_1/new/test.vhd w ]
add_files -fileset sim_1 D:/ѕарашич ”р—ач/max_hold_spektor/VHDL_hold_spectr/Max_hold.srcs/sim_1/new/test.vhd
update_compile_order -fileset sim_1
update_compile_order -fileset sources_1
update_compile_order -fileset sources_1
<<<<<<< HEAD
exit
INFO: [Common 17-206] Exiting Vivado at Tue Dec 24 01:01:09 2019...
>>>>>>> danya
=======
<<<<<<< HEAD
<<<<<<< HEAD
=======
INFO: [IP_Flow 19-2313] Loaded Vivado IP repository 'D:/Vivado/2018.2/data/ip'.
open_project: Time (s): cpu = 00:00:28 ; elapsed = 00:00:30 . Memory (MB): peak = 770.637 ; gain = 138.320
update_compile_order -fileset sources_1
set_property -dict [list CONFIG.transform_length {512} CONFIG.implementation_options {automatically_select} CONFIG.number_of_stages_using_block_ram_for_data_and_phase_factors {0}] [get_ips xfft_0]
exit
INFO: [Common 17-206] Exiting Vivado at Fri Dec 20 17:59:49 2019...
>>>>>>> e9e9fff241bd2b009214bfc63bec6813775d1b92
=======
>>>>>>> 208200ed79c5ddfec501ac21a476fd1749784a83
=======
>>>>>>> 208200ed79c5ddfec501ac21a476fd1749784a83
>>>>>>> 41528ee5896b7aa99bf4e5c5f34d2be559dbbf36
