#-----------------------------------------------------------
# Vivado v2018.2 (64-bit)
# SW Build 2258646 on Thu Jun 14 20:03:12 MDT 2018
# IP Build 2256618 on Thu Jun 14 22:10:49 MDT 2018
# Start of session at: Tue Dec 24 18:24:39 2019
# Process ID: 11584
# Current directory: D:/жсхло йспяюв/max_hold_spektor/VHDL_hold_spectr
# Command line: vivado.exe -gui_launcher_event rodinguilauncherevent16520 D:\жсхло йспяюв\max_hold_spektor\VHDL_hold_spectr\Max_hold.xpr
# Log file: D:/жсхло йспяюв/max_hold_spektor/VHDL_hold_spectr/vivado.log
# Journal file: D:/жсхло йспяюв/max_hold_spektor/VHDL_hold_spectr\vivado.jou
#-----------------------------------------------------------
start_gui
open_project {D:/жсхло йспяюв/max_hold_spektor/VHDL_hold_spectr/Max_hold.xpr}
INFO: [Project 1-313] Project file moved from 'D:/оЮПЮЬХВйсПяЮВ/max_hold_spektor/VHDL_hold_spectr' since last save.
Scanning sources...
Finished scanning sources
INFO: [IP_Flow 19-234] Refreshing IP repositories
INFO: [IP_Flow 19-1704] No user IP repositories specified
INFO: [IP_Flow 19-2313] Loaded Vivado IP repository 'D:/Vivado/2018.2/data/ip'.
WARNING: [IP_Flow 19-3664] IP 'xfft_0' generated file not found 'd:/max_hold_spektor/VHDL_hold_spectr/Max_hold.srcs/sources_1/ip/xfft_0_1/xfft_0.dcp'. Please regenerate to continue.
WARNING: [IP_Flow 19-3664] IP 'xfft_0' generated file not found 'd:/max_hold_spektor/VHDL_hold_spectr/Max_hold.srcs/sources_1/ip/xfft_0_1/xfft_0_stub.v'. Please regenerate to continue.
WARNING: [IP_Flow 19-3664] IP 'xfft_0' generated file not found 'd:/max_hold_spektor/VHDL_hold_spectr/Max_hold.srcs/sources_1/ip/xfft_0_1/xfft_0_stub.vhdl'. Please regenerate to continue.
WARNING: [IP_Flow 19-3664] IP 'xfft_0' generated file not found 'd:/max_hold_spektor/VHDL_hold_spectr/Max_hold.srcs/sources_1/ip/xfft_0_1/xfft_0_sim_netlist.v'. Please regenerate to continue.
WARNING: [IP_Flow 19-3664] IP 'xfft_0' generated file not found 'd:/max_hold_spektor/VHDL_hold_spectr/Max_hold.srcs/sources_1/ip/xfft_0_1/xfft_0_sim_netlist.vhdl'. Please regenerate to continue.
open_project: Time (s): cpu = 00:00:27 ; elapsed = 00:00:30 . Memory (MB): peak = 801.598 ; gain = 121.535
update_compile_order -fileset sources_1
set_property -dict [list CONFIG.scaling_options {scaled}] [get_ips xfft_0]
generate_target all [get_files  D:/max_hold_spektor/VHDL_hold_spectr/Max_hold.srcs/sources_1/ip/xfft_0_1/xfft_0.xci]
WARNING: [Vivado 12-4154] User modified property 'UserDisabled' (with value '1') was detected on 'd:/max_hold_spektor/VHDL_hold_spectr/Max_hold.srcs/sources_1/ip/xfft_0_1/demo_tb/tb_xfft_0.vhd'.
WARNING: [Vivado 12-4152] One or more user modified properties were detected. The reset_target command can be used to reset the targets data which will also reset all target properties.
catch { config_ip_cache -export [get_ips -all xfft_0] }
export_ip_user_files -of_objects [get_files D:/max_hold_spektor/VHDL_hold_spectr/Max_hold.srcs/sources_1/ip/xfft_0_1/xfft_0.xci] -no_script -sync -force -quiet
reset_run xfft_0_synth_1
WARNING: [Vivado 12-1017] Problems encountered:
1. Failed to delete one or more files in run directory D:/жсхло йспяюв/max_hold_spektor/VHDL_hold_spectr/Max_hold.runs/xfft_0_synth_1

launch_runs -jobs 2 xfft_0_synth_1
[Tue Dec 24 21:21:05 2019] Launched xfft_0_synth_1...
Run output will be captured here: D:/жсхло йспяюв/max_hold_spektor/VHDL_hold_spectr/Max_hold.runs/xfft_0_synth_1/runme.log
launch_runs: Time (s): cpu = 00:00:45 ; elapsed = 00:13:23 . Memory (MB): peak = 944.008 ; gain = 8.652
export_simulation -of_objects [get_files D:/max_hold_spektor/VHDL_hold_spectr/Max_hold.srcs/sources_1/ip/xfft_0_1/xfft_0.xci] -directory {D:/жсхло йспяюв/max_hold_spektor/VHDL_hold_spectr/Max_hold.ip_user_files/sim_scripts} -ip_user_files_dir {D:/жсхло йспяюв/max_hold_spektor/VHDL_hold_spectr/Max_hold.ip_user_files} -ipstatic_source_dir {D:/жсхло йспяюв/max_hold_spektor/VHDL_hold_spectr/Max_hold.ip_user_files/ipstatic} -lib_map_path [list {modelsim=D:/жсхло йспяюв/max_hold_spektor/VHDL_hold_spectr/Max_hold.cache/compile_simlib/modelsim} {questa=D:/жсхло йспяюв/max_hold_spektor/VHDL_hold_spectr/Max_hold.cache/compile_simlib/questa} {riviera=D:/жсхло йспяюв/max_hold_spektor/VHDL_hold_spectr/Max_hold.cache/compile_simlib/riviera} {activehdl=D:/жсхло йспяюв/max_hold_spektor/VHDL_hold_spectr/Max_hold.cache/compile_simlib/activehdl}] -use_ip_compiled_libs -force -quiet
update_compile_order -fileset sim_1
exit
INFO: [Common 17-206] Exiting Vivado at Tue Dec 24 22:55:46 2019...
