#-----------------------------------------------------------
# Vivado v2018.2 (64-bit)
# SW Build 2258646 on Thu Jun 14 20:03:12 MDT 2018
# IP Build 2256618 on Thu Jun 14 22:10:49 MDT 2018
# Start of session at: Tue Dec 24 01:42:16 2019
# Process ID: 13852
# Current directory: D:/ѕарашич ”р—ач/max_hold_spektor/VHDL_hold_spectr
# Command line: vivado.exe -gui_launcher_event rodinguilauncherevent4216 D:\ѕарашич ”р—ач\max_hold_spektor\VHDL_hold_spectr\Max_hold.xpr
# Log file: D:/ѕарашич ”р—ач/max_hold_spektor/VHDL_hold_spectr/vivado.log
# Journal file: D:/ѕарашич ”р—ач/max_hold_spektor/VHDL_hold_spectr\vivado.jou
#-----------------------------------------------------------
start_gui
open_project D:/ѕарашич ”р—ач/max_hold_spektor/VHDL_hold_spectr/Max_hold.xpr
Scanning sources...
Finished scanning sources
INFO: [IP_Flow 19-234] Refreshing IP repositories
INFO: [IP_Flow 19-1704] No user IP repositories specified
INFO: [IP_Flow 19-2313] Loaded Vivado IP repository 'D:/Vivado/2018.2/data/ip'.
WARNING: [IP_Flow 19-3664] IP 'xfft_0' generated file not found 'd:/max_hold_spektor/VHDL_hold_spectr/Max_hold.srcs/sources_1/ip/xfft_0_1/xfft_0.dcp'. Please regenerate to continue.
WARNING: [IP_Flow 19-3664] IP 'xfft_0' generated file not found 'd:/max_hold_spektor/VHDL_hold_spectr/Max_hold.srcs/sources_1/ip/xfft_0_1/xfft_0_stub.v'. Please regenerate to continue.
WARNING: [IP_Flow 19-3664] IP 'xfft_0' generated file not found 'd:/max_hold_spektor/VHDL_hold_spectr/Max_hold.srcs/sources_1/ip/xfft_0_1/xfft_0_stub.vhdl'. Please regenerate to continue.
WARNING: [IP_Flow 19-3664] IP 'xfft_0' generated file not found 'd:/max_hold_spektor/VHDL_hold_spectr/Max_hold.srcs/sources_1/ip/xfft_0_1/xfft_0_sim_netlist.v'. Please regenerate to continue.
WARNING: [IP_Flow 19-3664] IP 'xfft_0' generated file not found 'd:/max_hold_spektor/VHDL_hold_spectr/Max_hold.srcs/sources_1/ip/xfft_0_1/xfft_0_sim_netlist.vhdl'. Please regenerate to continue.
open_project: Time (s): cpu = 00:00:28 ; elapsed = 00:00:27 . Memory (MB): peak = 789.008 ; gain = 137.641
update_compile_order -fileset sources_1
exit
INFO: [Common 17-206] Exiting Vivado at Tue Dec 24 01:46:04 2019...
