#-----------------------------------------------------------
# Vivado v2018.2 (64-bit)
# SW Build 2258646 on Thu Jun 14 20:03:12 MDT 2018
# IP Build 2256618 on Thu Jun 14 22:10:49 MDT 2018
# Start of session at: Thu Dec 19 19:04:44 2019
# Process ID: 17664
# Current directory: D:/max_hold_spektor/VHDL_hold_spectr
# Command line: vivado.exe -gui_launcher_event rodinguilauncherevent17816 D:\max_hold_spektor\VHDL_hold_spectr\Max_hold.xpr
# Log file: D:/max_hold_spektor/VHDL_hold_spectr/vivado.log
# Journal file: D:/max_hold_spektor/VHDL_hold_spectr\vivado.jou
#-----------------------------------------------------------
start_gui
open_project D:/max_hold_spektor/VHDL_hold_spectr/Max_hold.xpr
Scanning sources...
Finished scanning sources
INFO: [IP_Flow 19-234] Refreshing IP repositories
INFO: [IP_Flow 19-1704] No user IP repositories specified
INFO: [IP_Flow 19-2313] Loaded Vivado IP repository 'D:/Vivado/2018.2/data/ip'.
open_project: Time (s): cpu = 00:00:31 ; elapsed = 00:00:26 . Memory (MB): peak = 809.398 ; gain = 139.078
update_compile_order -fileset sources_1
exit
INFO: [Common 17-206] Exiting Vivado at Thu Dec 19 19:06:45 2019...
